<?xml version="1.0" encoding="UTF-8"?>
<!-- Generated by org.testng.reporters.JUnitXMLReporter -->
<testsuite ignored="0" hostname="DESKTOP-0IS7DQ4" failures="0" tests="2" name="Default test" time="13.005" errors="0" timestamp="2023-10-29T16:02:45 IST">
  <testcase classname="day2.DifferentWaysToCreatePostRequestBody" name="postRequestUsingPojo" time="12.534"/>
  <testcase classname="day2.DifferentWaysToCreatePostRequestBody" name="testDelete" time="0.354"/>
</testsuite> <!-- Default test -->
