<?xml version="1.0" encoding="UTF-8"?>
<!-- Generated by org.testng.reporters.JUnitXMLReporter -->
<testsuite ignored="0" hostname="DESKTOP-0IS7DQ4" failures="0" tests="2" name="Default test" time="3.963" errors="0" timestamp="2023-11-03T01:34:16 IST">
  <testcase classname="day4ParsingResponseData.ParsingJSONResponseData" name="printTotalValue" time="3.573"/>
  <testcase classname="day4ParsingResponseData.ParsingJSONResponseData" name="validatePerticularKeyfromAllResponseBody" time="0.328"/>
</testsuite> <!-- Default test -->
