<?xml version="1.0" encoding="UTF-8"?>
<!-- Generated by org.testng.reporters.JUnitXMLReporter -->
<testsuite ignored="0" hostname="DESKTOP-0IS7DQ4" failures="0" tests="4" name="Test" time="15.225" errors="0" timestamp="2023-11-05T19:49:51 IST">
  <testcase classname="day8_API_Chaining.CreateUsers" name="createUser" time="11.304"/>
  <testcase classname="day8_API_Chaining.UpdateTheUser" name="UpdateTheUser1" time="2.224"/>
  <testcase classname="day8_API_Chaining.GetAUser" name="getUser" time="0.67"/>
  <testcase classname="day8_API_Chaining.DeleteUser" name="deleteUser" time="0.909"/>
</testsuite> <!-- Test -->
