<?xml version="1.0" encoding="UTF-8"?>
<testng-results ignored="0" total="1" passed="1" failed="0" skipped="0">
  <reporter-output>
  </reporter-output>
  <suite started-at="2023-10-30T00:17:02 IST" name="Default suite" finished-at="2023-10-30T00:17:10 IST" duration-ms="8310">
    <groups>
    </groups>
    <test started-at="2023-10-30T00:17:02 IST" name="Default test" finished-at="2023-10-30T00:17:10 IST" duration-ms="8310">
      <class name="day3.PathAndQueryParameter">
        <test-method signature="testpathAndQueryParameter()[pri:0, instance:day3.PathAndQueryParameter@2b48a640]" started-at="2023-10-30T00:17:02 IST" name="testpathAndQueryParameter" finished-at="2023-10-30T00:17:10 IST" duration-ms="8200" status="PASS">
          <reporter-output>
          </reporter-output>
        </test-method> <!-- testpathAndQueryParameter -->
      </class> <!-- day3.PathAndQueryParameter -->
    </test> <!-- Default test -->
  </suite> <!-- Default suite -->
</testng-results>
